<?xml version="1.0" encoding="UTF-8"?>
<!-- Generated by org.testng.reporters.JUnitXMLReporter -->
<testsuite hostname="DESKTOP-TFKS6P7" ignored="18" name="Test" tests="9" failures="1" timestamp="2020-06-24T14:04:55 BST" time="57.313" errors="0">
  <testcase name="testLogin" time="6.949" classname="com.mercury.testcases.TC1"/>
  <testcase name="testflightdetails" time="4.336" classname="com.mercury.testcases.TC2">
    <failure type="java.lang.AssertionError" message="expected [] but found [LOndon]">
      <![CDATA[java.lang.AssertionError: expected [] but found [LOndon]
at com.mercury.pages.Page_FlightDetails.departfrom(Page_FlightDetails.java:42)
at com.mercury.flows.Flow_FlightDetails.flightDetails(Flow_FlightDetails.java:14)
at com.mercury.testcases.TC2.testflightdetails(TC2.java:15)
at java.util.ArrayList.forEach(ArrayList.java:1257)
... Removed 32 stack frames]]>
    </failure>
  </testcase> <!-- testflightdetails -->
  <testcase name="testpreferences" time="3.753" classname="com.mercury.testcases.TC3"/>
  <testcase name="testContinuetoReserve" time="4.098" classname="com.mercury.testcases.TC4"/>
  <testcase name="testpassengers" time="4.566" classname="com.mercury.testcases.TC5"/>
  <testcase name="testcreditcard" time="3.556" classname="com.mercury.testcases.TC6"/>
  <testcase name="testbillingaddress" time="3.706" classname="com.mercury.testcases.TC7"/>
  <testcase name="testdeliveryaddress" time="7.257" classname="com.mercury.testcases.TC8"/>
  <testcase name="testpurchaseandvalidation" time="5.15" classname="com.mercury.testcases.TC9"/>
  <testcase name="@BeforeTest basedriverAndLaunchURL" time="0.0" classname="com.mercury.basedriver.Basedriver">
    <ignored/>
  </testcase> <!-- @BeforeTest basedriverAndLaunchURL -->
  <testcase name="@BeforeTest basedriverAndLaunchURL" time="0.0" classname="com.mercury.basedriver.Basedriver">
    <ignored/>
  </testcase> <!-- @BeforeTest basedriverAndLaunchURL -->
  <testcase name="@BeforeTest basedriverAndLaunchURL" time="0.0" classname="com.mercury.basedriver.Basedriver">
    <ignored/>
  </testcase> <!-- @BeforeTest basedriverAndLaunchURL -->
  <testcase name="@BeforeTest basedriverAndLaunchURL" time="0.0" classname="com.mercury.basedriver.Basedriver">
    <ignored/>
  </testcase> <!-- @BeforeTest basedriverAndLaunchURL -->
  <testcase name="@BeforeTest basedriverAndLaunchURL" time="0.0" classname="com.mercury.basedriver.Basedriver">
    <ignored/>
  </testcase> <!-- @BeforeTest basedriverAndLaunchURL -->
  <testcase name="@BeforeTest basedriverAndLaunchURL" time="0.0" classname="com.mercury.basedriver.Basedriver">
    <ignored/>
  </testcase> <!-- @BeforeTest basedriverAndLaunchURL -->
  <testcase name="@BeforeTest basedriverAndLaunchURL" time="0.0" classname="com.mercury.basedriver.Basedriver">
    <ignored/>
  </testcase> <!-- @BeforeTest basedriverAndLaunchURL -->
  <testcase name="@BeforeTest basedriverAndLaunchURL" time="0.0" classname="com.mercury.basedriver.Basedriver">
    <ignored/>
  </testcase> <!-- @BeforeTest basedriverAndLaunchURL -->
  <testcase name="@BeforeTest basedriverAndLaunchURL" time="0.0" classname="com.mercury.basedriver.Basedriver">
    <ignored/>
  </testcase> <!-- @BeforeTest basedriverAndLaunchURL -->
  <testcase name="@AfterTest closebrowser" time="0.0" classname="com.mercury.basedriver.Basedriver">
    <ignored/>
  </testcase> <!-- @AfterTest closebrowser -->
  <testcase name="@AfterTest closebrowser" time="0.0" classname="com.mercury.basedriver.Basedriver">
    <ignored/>
  </testcase> <!-- @AfterTest closebrowser -->
  <testcase name="@AfterTest closebrowser" time="0.0" classname="com.mercury.basedriver.Basedriver">
    <ignored/>
  </testcase> <!-- @AfterTest closebrowser -->
  <testcase name="@AfterTest closebrowser" time="0.0" classname="com.mercury.basedriver.Basedriver">
    <ignored/>
  </testcase> <!-- @AfterTest closebrowser -->
  <testcase name="@AfterTest closebrowser" time="0.0" classname="com.mercury.basedriver.Basedriver">
    <ignored/>
  </testcase> <!-- @AfterTest closebrowser -->
  <testcase name="@AfterTest closebrowser" time="0.0" classname="com.mercury.basedriver.Basedriver">
    <ignored/>
  </testcase> <!-- @AfterTest closebrowser -->
  <testcase name="@AfterTest closebrowser" time="0.0" classname="com.mercury.basedriver.Basedriver">
    <ignored/>
  </testcase> <!-- @AfterTest closebrowser -->
  <testcase name="@AfterTest closebrowser" time="0.0" classname="com.mercury.basedriver.Basedriver">
    <ignored/>
  </testcase> <!-- @AfterTest closebrowser -->
  <testcase name="@AfterTest closebrowser" time="0.0" classname="com.mercury.basedriver.Basedriver">
    <ignored/>
  </testcase> <!-- @AfterTest closebrowser -->
</testsuite> <!-- Test -->
